<?xml version="1.0" encoding="UTF-8"?>
<testsuite xmlns:xsi="http://www.w3.org/2001/XMLSchema-instance" xsi:noNamespaceSchemaLocation="https://maven.apache.org/surefire/maven-surefire-plugin/xsd/surefire-test-report-3.0.xsd" version="3.0" name="com.example.demo.Demo2ApplicationTests" time="1.964" tests="1" errors="0" skipped="0" failures="0">
  <properties>
    <property name="sun.desktop" value="gnome"/>
    <property name="awt.toolkit" value="sun.awt.X11.XToolkit"/>
    <property name="file.encoding.pkg" value="sun.io"/>
    <property name="jdk.extensions.version" value="18.0.2.0"/>
    <property name="java.specification.version" value="18"/>
    <property name="sun.jnu.encoding" value="UTF-8"/>
    <property name="java.class.path" value="/home/sotatek/personal/demo2/target/test-classes:/home/sotatek/personal/demo2/target/classes:/home/sotatek/.m2/repository/org/springframework/boot/spring-boot-starter/3.1.2/spring-boot-starter-3.1.2.jar:/home/sotatek/.m2/repository/org/springframework/boot/spring-boot/3.1.2/spring-boot-3.1.2.jar:/home/sotatek/.m2/repository/org/springframework/spring-context/6.0.11/spring-context-6.0.11.jar:/home/sotatek/.m2/repository/org/springframework/spring-aop/6.0.11/spring-aop-6.0.11.jar:/home/sotatek/.m2/repository/org/springframework/spring-beans/6.0.11/spring-beans-6.0.11.jar:/home/sotatek/.m2/repository/org/springframework/spring-expression/6.0.11/spring-expression-6.0.11.jar:/home/sotatek/.m2/repository/org/springframework/boot/spring-boot-autoconfigure/3.1.2/spring-boot-autoconfigure-3.1.2.jar:/home/sotatek/.m2/repository/org/springframework/boot/spring-boot-starter-logging/3.1.2/spring-boot-starter-logging-3.1.2.jar:/home/sotatek/.m2/repository/ch/qos/logback/logback-classic/1.4.8/logback-classic-1.4.8.jar:/home/sotatek/.m2/repository/ch/qos/logback/logback-core/1.4.8/logback-core-1.4.8.jar:/home/sotatek/.m2/repository/org/apache/logging/log4j/log4j-to-slf4j/2.20.0/log4j-to-slf4j-2.20.0.jar:/home/sotatek/.m2/repository/org/apache/logging/log4j/log4j-api/2.20.0/log4j-api-2.20.0.jar:/home/sotatek/.m2/repository/org/slf4j/jul-to-slf4j/2.0.7/jul-to-slf4j-2.0.7.jar:/home/sotatek/.m2/repository/jakarta/annotation/jakarta.annotation-api/2.1.1/jakarta.annotation-api-2.1.1.jar:/home/sotatek/.m2/repository/org/springframework/spring-core/6.0.11/spring-core-6.0.11.jar:/home/sotatek/.m2/repository/org/springframework/spring-jcl/6.0.11/spring-jcl-6.0.11.jar:/home/sotatek/.m2/repository/org/yaml/snakeyaml/1.33/snakeyaml-1.33.jar:/home/sotatek/.m2/repository/org/projectlombok/lombok/1.18.28/lombok-1.18.28.jar:/home/sotatek/.m2/repository/org/springframework/boot/spring-boot-starter-test/3.1.2/spring-boot-starter-test-3.1.2.jar:/home/sotatek/.m2/repository/org/springframework/boot/spring-boot-test/3.1.2/spring-boot-test-3.1.2.jar:/home/sotatek/.m2/repository/org/springframework/boot/spring-boot-test-autoconfigure/3.1.2/spring-boot-test-autoconfigure-3.1.2.jar:/home/sotatek/.m2/repository/com/jayway/jsonpath/json-path/2.8.0/json-path-2.8.0.jar:/home/sotatek/.m2/repository/org/slf4j/slf4j-api/2.0.7/slf4j-api-2.0.7.jar:/home/sotatek/.m2/repository/jakarta/xml/bind/jakarta.xml.bind-api/4.0.0/jakarta.xml.bind-api-4.0.0.jar:/home/sotatek/.m2/repository/jakarta/activation/jakarta.activation-api/2.1.2/jakarta.activation-api-2.1.2.jar:/home/sotatek/.m2/repository/net/minidev/json-smart/2.4.11/json-smart-2.4.11.jar:/home/sotatek/.m2/repository/net/minidev/accessors-smart/2.4.11/accessors-smart-2.4.11.jar:/home/sotatek/.m2/repository/org/ow2/asm/asm/9.3/asm-9.3.jar:/home/sotatek/.m2/repository/org/assertj/assertj-core/3.24.2/assertj-core-3.24.2.jar:/home/sotatek/.m2/repository/net/bytebuddy/byte-buddy/1.14.5/byte-buddy-1.14.5.jar:/home/sotatek/.m2/repository/org/hamcrest/hamcrest/2.2/hamcrest-2.2.jar:/home/sotatek/.m2/repository/org/junit/jupiter/junit-jupiter/5.9.3/junit-jupiter-5.9.3.jar:/home/sotatek/.m2/repository/org/junit/jupiter/junit-jupiter-api/5.9.3/junit-jupiter-api-5.9.3.jar:/home/sotatek/.m2/repository/org/opentest4j/opentest4j/1.2.0/opentest4j-1.2.0.jar:/home/sotatek/.m2/repository/org/junit/platform/junit-platform-commons/1.9.3/junit-platform-commons-1.9.3.jar:/home/sotatek/.m2/repository/org/apiguardian/apiguardian-api/1.1.2/apiguardian-api-1.1.2.jar:/home/sotatek/.m2/repository/org/junit/jupiter/junit-jupiter-params/5.9.3/junit-jupiter-params-5.9.3.jar:/home/sotatek/.m2/repository/org/junit/jupiter/junit-jupiter-engine/5.9.3/junit-jupiter-engine-5.9.3.jar:/home/sotatek/.m2/repository/org/junit/platform/junit-platform-engine/1.9.3/junit-platform-engine-1.9.3.jar:/home/sotatek/.m2/repository/org/mockito/mockito-core/5.3.1/mockito-core-5.3.1.jar:/home/sotatek/.m2/repository/net/bytebuddy/byte-buddy-agent/1.14.5/byte-buddy-agent-1.14.5.jar:/home/sotatek/.m2/repository/org/objenesis/objenesis/3.3/objenesis-3.3.jar:/home/sotatek/.m2/repository/org/mockito/mockito-junit-jupiter/5.3.1/mockito-junit-jupiter-5.3.1.jar:/home/sotatek/.m2/repository/org/skyscreamer/jsonassert/1.5.1/jsonassert-1.5.1.jar:/home/sotatek/.m2/repository/com/vaadin/external/google/android-json/0.0.20131108.vaadin1/android-json-0.0.20131108.vaadin1.jar:/home/sotatek/.m2/repository/org/springframework/spring-test/6.0.11/spring-test-6.0.11.jar:/home/sotatek/.m2/repository/org/xmlunit/xmlunit-core/2.9.1/xmlunit-core-2.9.1.jar:"/>
    <property name="java.vm.vendor" value="Eclipse OpenJ9"/>
    <property name="sun.arch.data.model" value="64"/>
    <property name="com.ibm.vm.bitmode" value="64"/>
    <property name="user.variant" value=""/>
    <property name="com.ibm.oti.vm.library.version" value="29"/>
    <property name="java.vendor.url" value="https://www.ibm.com/semeru-runtimes"/>
    <property name="user.timezone" value="Asia/Ho_Chi_Minh"/>
    <property name="os.name" value="Linux"/>
    <property name="java.vm.specification.version" value="18"/>
    <property name="user.country" value="US"/>
    <property name="sun.java.launcher" value="SUN_STANDARD"/>
    <property name="sun.boot.library.path" value="/home/sotatek/.sdkman/candidates/java/18.0.2-sem/lib/default:/home/sotatek/.sdkman/candidates/java/18.0.2-sem/lib"/>
    <property name="sun.java.command" value="/home/sotatek/personal/demo2/target/surefire/surefirebooter-20230802101349129_3.jar /home/sotatek/personal/demo2/target/surefire 2023-08-02T10-13-49_075-jvmRun1 surefire-20230802101349129_1tmp surefire_0-20230802101349129_2tmp"/>
    <property name="surefire.test.class.path" value="/home/sotatek/personal/demo2/target/test-classes:/home/sotatek/personal/demo2/target/classes:/home/sotatek/.m2/repository/org/springframework/boot/spring-boot-starter/3.1.2/spring-boot-starter-3.1.2.jar:/home/sotatek/.m2/repository/org/springframework/boot/spring-boot/3.1.2/spring-boot-3.1.2.jar:/home/sotatek/.m2/repository/org/springframework/spring-context/6.0.11/spring-context-6.0.11.jar:/home/sotatek/.m2/repository/org/springframework/spring-aop/6.0.11/spring-aop-6.0.11.jar:/home/sotatek/.m2/repository/org/springframework/spring-beans/6.0.11/spring-beans-6.0.11.jar:/home/sotatek/.m2/repository/org/springframework/spring-expression/6.0.11/spring-expression-6.0.11.jar:/home/sotatek/.m2/repository/org/springframework/boot/spring-boot-autoconfigure/3.1.2/spring-boot-autoconfigure-3.1.2.jar:/home/sotatek/.m2/repository/org/springframework/boot/spring-boot-starter-logging/3.1.2/spring-boot-starter-logging-3.1.2.jar:/home/sotatek/.m2/repository/ch/qos/logback/logback-classic/1.4.8/logback-classic-1.4.8.jar:/home/sotatek/.m2/repository/ch/qos/logback/logback-core/1.4.8/logback-core-1.4.8.jar:/home/sotatek/.m2/repository/org/apache/logging/log4j/log4j-to-slf4j/2.20.0/log4j-to-slf4j-2.20.0.jar:/home/sotatek/.m2/repository/org/apache/logging/log4j/log4j-api/2.20.0/log4j-api-2.20.0.jar:/home/sotatek/.m2/repository/org/slf4j/jul-to-slf4j/2.0.7/jul-to-slf4j-2.0.7.jar:/home/sotatek/.m2/repository/jakarta/annotation/jakarta.annotation-api/2.1.1/jakarta.annotation-api-2.1.1.jar:/home/sotatek/.m2/repository/org/springframework/spring-core/6.0.11/spring-core-6.0.11.jar:/home/sotatek/.m2/repository/org/springframework/spring-jcl/6.0.11/spring-jcl-6.0.11.jar:/home/sotatek/.m2/repository/org/yaml/snakeyaml/1.33/snakeyaml-1.33.jar:/home/sotatek/.m2/repository/org/projectlombok/lombok/1.18.28/lombok-1.18.28.jar:/home/sotatek/.m2/repository/org/springframework/boot/spring-boot-starter-test/3.1.2/spring-boot-starter-test-3.1.2.jar:/home/sotatek/.m2/repository/org/springframework/boot/spring-boot-test/3.1.2/spring-boot-test-3.1.2.jar:/home/sotatek/.m2/repository/org/springframework/boot/spring-boot-test-autoconfigure/3.1.2/spring-boot-test-autoconfigure-3.1.2.jar:/home/sotatek/.m2/repository/com/jayway/jsonpath/json-path/2.8.0/json-path-2.8.0.jar:/home/sotatek/.m2/repository/org/slf4j/slf4j-api/2.0.7/slf4j-api-2.0.7.jar:/home/sotatek/.m2/repository/jakarta/xml/bind/jakarta.xml.bind-api/4.0.0/jakarta.xml.bind-api-4.0.0.jar:/home/sotatek/.m2/repository/jakarta/activation/jakarta.activation-api/2.1.2/jakarta.activation-api-2.1.2.jar:/home/sotatek/.m2/repository/net/minidev/json-smart/2.4.11/json-smart-2.4.11.jar:/home/sotatek/.m2/repository/net/minidev/accessors-smart/2.4.11/accessors-smart-2.4.11.jar:/home/sotatek/.m2/repository/org/ow2/asm/asm/9.3/asm-9.3.jar:/home/sotatek/.m2/repository/org/assertj/assertj-core/3.24.2/assertj-core-3.24.2.jar:/home/sotatek/.m2/repository/net/bytebuddy/byte-buddy/1.14.5/byte-buddy-1.14.5.jar:/home/sotatek/.m2/repository/org/hamcrest/hamcrest/2.2/hamcrest-2.2.jar:/home/sotatek/.m2/repository/org/junit/jupiter/junit-jupiter/5.9.3/junit-jupiter-5.9.3.jar:/home/sotatek/.m2/repository/org/junit/jupiter/junit-jupiter-api/5.9.3/junit-jupiter-api-5.9.3.jar:/home/sotatek/.m2/repository/org/opentest4j/opentest4j/1.2.0/opentest4j-1.2.0.jar:/home/sotatek/.m2/repository/org/junit/platform/junit-platform-commons/1.9.3/junit-platform-commons-1.9.3.jar:/home/sotatek/.m2/repository/org/apiguardian/apiguardian-api/1.1.2/apiguardian-api-1.1.2.jar:/home/sotatek/.m2/repository/org/junit/jupiter/junit-jupiter-params/5.9.3/junit-jupiter-params-5.9.3.jar:/home/sotatek/.m2/repository/org/junit/jupiter/junit-jupiter-engine/5.9.3/junit-jupiter-engine-5.9.3.jar:/home/sotatek/.m2/repository/org/junit/platform/junit-platform-engine/1.9.3/junit-platform-engine-1.9.3.jar:/home/sotatek/.m2/repository/org/mockito/mockito-core/5.3.1/mockito-core-5.3.1.jar:/home/sotatek/.m2/repository/net/bytebuddy/byte-buddy-agent/1.14.5/byte-buddy-agent-1.14.5.jar:/home/sotatek/.m2/repository/org/objenesis/objenesis/3.3/objenesis-3.3.jar:/home/sotatek/.m2/repository/org/mockito/mockito-junit-jupiter/5.3.1/mockito-junit-jupiter-5.3.1.jar:/home/sotatek/.m2/repository/org/skyscreamer/jsonassert/1.5.1/jsonassert-1.5.1.jar:/home/sotatek/.m2/repository/com/vaadin/external/google/android-json/0.0.20131108.vaadin1/android-json-0.0.20131108.vaadin1.jar:/home/sotatek/.m2/repository/org/springframework/spring-test/6.0.11/spring-test-6.0.11.jar:/home/sotatek/.m2/repository/org/xmlunit/xmlunit-core/2.9.1/xmlunit-core-2.9.1.jar:"/>
    <property name="sun.cpu.endian" value="little"/>
    <property name="user.home" value="/home/sotatek"/>
    <property name="user.language" value="en"/>
    <property name="java.specification.vendor" value="Oracle Corporation"/>
    <property name="java.version.date" value="2022-07-19"/>
    <property name="java.home" value="/home/sotatek/.sdkman/candidates/java/18.0.2-sem"/>
    <property name="ibm.signalhandling.rs" value="false"/>
    <property name="openjdk.methodhandles" value="true"/>
    <property name="file.separator" value="/"/>
    <property name="jdk.extensions.name" value="Extensions for OpenJDK for Eclipse OpenJ9"/>
    <property name="basedir" value="/home/sotatek/personal/demo2"/>
    <property name="line.separator" value="&#10;"/>
    <property name="java.specification.name" value="Java Platform API Specification"/>
    <property name="java.vm.specification.vendor" value="Oracle Corporation"/>
    <property name="java.compiler" value="j9jit29"/>
    <property name="FILE_LOG_CHARSET" value="UTF-8"/>
    <property name="com.ibm.util.extralibs.properties" value=""/>
    <property name="java.awt.graphicsenv" value="sun.awt.X11GraphicsEnvironment"/>
    <property name="java.awt.headless" value="true"/>
    <property name="com.ibm.oti.configuration" value="scar"/>
    <property name="java.awt.fonts" value=""/>
    <property name="surefire.real.class.path" value="/home/sotatek/personal/demo2/target/surefire/surefirebooter-20230802101349129_3.jar"/>
    <property name="com.ibm.oti.shared.enabled" value="false"/>
    <property name="jdk.boot.class.path.append" value=""/>
    <property name="com.ibm.oti.vm.bootstrap.library.path" value="/home/sotatek/.sdkman/candidates/java/18.0.2-sem/lib/default:/home/sotatek/.sdkman/candidates/java/18.0.2-sem/lib"/>
    <property name="com.ibm.cpu.endian" value="little"/>
    <property name="java.fullversion" value="18.0.2+9&#10;JRE 18 Linux amd64-64-Bit Compressed References 20220804_30 (JIT enabled, AOT enabled)&#10;OpenJ9   - 04a55b45b&#10;OMR      - b58aa2708&#10;JCL      - dff9c97e1c7 based on jdk-18.0.2+9"/>
    <property name="java.runtime.version" value="18.0.2+9"/>
    <property name="user.name" value="sotatek"/>
    <property name="path.separator" value=":"/>
    <property name="os.version" value="5.15.0-78-generic"/>
    <property name="java.runtime.name" value="IBM Semeru Runtime Open Edition"/>
    <property name="ibm.signalhandling.sigint" value="true"/>
    <property name="file.encoding" value="UTF-8"/>
    <property name="java.vm.name" value="Eclipse OpenJ9 VM"/>
    <property name="java.vendor.version" value="18.0.2.0"/>
    <property name="ibm.signalhandling.sigchain" value="true"/>
    <property name="localRepository" value="/home/sotatek/.m2/repository"/>
    <property name="java.vendor.url.bug" value="https://github.com/ibmruntimes/Semeru-Runtimes/issues"/>
    <property name="java.io.tmpdir" value="/tmp"/>
    <property name="java.version" value="18.0.2"/>
    <property name="com.ibm.system.agent.path" value="/home/sotatek/.sdkman/candidates/java/18.0.2-sem/lib"/>
    <property name="user.dir" value="/home/sotatek/personal/demo2"/>
    <property name="os.arch" value="amd64"/>
    <property name="java.vm.specification.name" value="Java Virtual Machine Specification"/>
    <property name="PID" value="15907"/>
    <property name="java.awt.printerjob" value="sun.print.PSPrinterJob"/>
    <property name="sun.nio.PageAlignDirectMemory" value="false"/>
    <property name="os.encoding" value="UTF-8"/>
    <property name="CONSOLE_LOG_CHARSET" value="UTF-8"/>
    <property name="native.encoding" value="UTF-8"/>
    <property name="java.library.path" value="/home/sotatek/.sdkman/candidates/java/18.0.2-sem/lib/default:/home/sotatek/.sdkman/candidates/java/18.0.2-sem/lib:/usr/lib64:/usr/lib"/>
    <property name="java.vendor" value="IBM Corporation"/>
    <property name="java.vm.info" value="JRE 18 Linux amd64-64-Bit Compressed References 20220804_30 (JIT enabled, AOT enabled)&#10;OpenJ9   - 04a55b45b&#10;OMR      - b58aa2708&#10;JCL      - dff9c97e1c7 based on jdk-18.0.2+9"/>
    <property name="sun.nio.MaxDirectMemorySize" value="-1"/>
    <property name="java.vm.version" value="openj9-0.33.0"/>
    <property name="com.ibm.jcl.checkClassPath" value=""/>
    <property name="ibm.system.encoding" value="UTF-8"/>
    <property name="java.lang.invoke.VarHandle.VAR_HANDLE_GUARDS" value="false"/>
    <property name="sun.io.unicode.encoding" value="UnicodeLittle"/>
    <property name="java.class.version" value="62.0"/>
  </properties>
  <testcase name="contextLoads" classname="com.example.demo.Demo2ApplicationTests" time="0.848">
    <system-out><![CDATA[10:13:50.064 [main] INFO org.springframework.test.context.support.AnnotationConfigContextLoaderUtils -- Could not detect default configuration classes for test class [com.example.demo.Demo2ApplicationTests]: Demo2ApplicationTests does not declare any static, non-private, non-final, nested classes annotated with @Configuration.
10:13:50.159 [main] INFO org.springframework.boot.test.context.SpringBootTestContextBootstrapper -- Found @SpringBootConfiguration com.example.demo.Demo2Application for test class com.example.demo.Demo2ApplicationTests

  .   ____          _            __ _ _
 /\\ / ___'_ __ _ _(_)_ __  __ _ \ \ \ \
( ( )\___ | '_ | '_| | '_ \/ _` | \ \ \ \
 \\/  ___)| |_)| | | | | || (_| |  ) ) ) )
  '  |____| .__|_| |_|_| |_\__, | / / / /
 =========|_|==============|___/=/_/_/_/
 :: Spring Boot ::                (v3.1.2)

2023-08-02T10:13:50.548+07:00  INFO 15907 --- [           main] com.example.demo.Demo2ApplicationTests   : Starting Demo2ApplicationTests using Java 18.0.2 with PID 15907 (started by sotatek in /home/sotatek/personal/demo2)
2023-08-02T10:13:50.549+07:00  INFO 15907 --- [           main] com.example.demo.Demo2ApplicationTests   : No active profile set, falling back to 1 default profile: "default"
2023-08-02T10:13:50.877+07:00  INFO 15907 --- [           main] com.example.demo.Demo                    : VARIABLE This from default spring properties
2023-08-02T10:13:50.948+07:00  INFO 15907 --- [           main] com.example.demo.Demo2ApplicationTests   : Started Demo2ApplicationTests in 0.656 seconds (process running for 1.735)
]]></system-out>
  </testcase>
</testsuite>